============================= test session starts ==============================
platform linux -- Python 3.9.2, pytest-6.2.2, py-1.10.0, pluggy-0.13.1 -- /usr/bin/python3
cachedir: .pytest_cache
hypothesis profile 'default' -> database=DirectoryBasedExampleDatabase('/import/kamen/3/cs1531/project-automarking/tempstore/.hypothesis/examples')
metadata: {'Python': '3.9.2', 'Platform': 'Linux-5.10.0-17-amd64-x86_64-with-glibc2.31', 'Packages': {'pytest': '6.2.2', 'py': '1.10.0', 'pluggy': '0.13.1'}, 'Plugins': {'jest': '0.3.0', 'hypothesis': '6.1.1', 'timeout': '1.4.2', 'snapshottest': '0.6.0', 'metadata': '2.0.1', 'flask': '0.15.1'}}
rootdir: /import/kamen/3/cs1531/project-automarking/tempstore
plugins: jest-0.3.0, hypothesis-6.1.1, timeout-1.4.2, snapshottest-0.6.0, metadata-2.0.1, flask-0.15.1
collecting ... collected 368 items

httpTests/authTests/test_auth_login.py::testSuccessfulLogin PASSED       [  5%]
httpTests/authTests/test_auth_login.py::testCanHaveTwoSessions PASSED    [  5%]
httpTests/authTests/test_auth_login.py::testUnregisteredUser PASSED      [  5%]
httpTests/authTests/test_auth_login.py::testRegisteredButIncorrectPassword PASSED [  6%]
httpTests/authTests/test_auth_logout.py::testSuccessfulLogout PASSED     [  6%]
httpTests/authTests/test_auth_register.py::testInvalidEmail[@gmail.com] PASSED [  6%]
httpTests/authTests/test_auth_register.py::testInvalidEmail[bob] PASSED  [  7%]
httpTests/authTests/test_auth_register.py::testInvalidEmail[bob@bob@bob.com] PASSED [  7%]
httpTests/authTests/test_auth_register.py::testInvalidPassword[12345] PASSED [  7%]
httpTests/authTests/test_auth_register.py::testInvalidPassword[] PASSED  [  7%]
httpTests/authTests/test_auth_register.py::testInvalidNameFirst[] PASSED [  8%]
httpTests/authTests/test_auth_register.py::testInvalidNameFirst[aaaaaaaaaaaaaaaaaaaaaaaaaaaaaaaaaaaaaaaaaaaaaaaaaaa] PASSED [  8%]
httpTests/authTests/test_auth_register.py::testInvalidNameLast[] PASSED  [  8%]
httpTests/authTests/test_auth_register.py::testInvalidNameLast[bbbbbbbbbbbbbbbbbbbbbbbbbbbbbbbbbbbbbbbbbbbbbbbbbbb] PASSED [  8%]
httpTests/authTests/test_auth_register.py::testDuplicateEmail PASSED     [  9%]
httpTests/authTests/test_auth_register.py::testRemovedUserName PASSED    [  9%]
httpTests/authTests/test_auth_register.py::testSuccessfulRegistration PASSED [  9%]
httpTests/authTests/test_auth_register.py::testBasicHandleGeneratedCorrectly[Bob-Smith-bobsmith] PASSED [ 10%]
httpTests/authTests/test_auth_register.py::testBasicHandleGeneratedCorrectly[ababababab-cdcdcdcdcdcd-abababababcdcdcdcdcd] PASSED [ 10%]
httpTests/authTests/test_auth_register.py::testDuplicateHandlesGeneratedCorrectly[abcdefghij-klmnopqrs-abcdefghijklmnopqrs-abcdefghij-klmnopqrs-abcdefghijklmnopqrs0] PASSED [ 10%]
httpTests/authTests/test_auth_register.py::testDuplicateHandlesGeneratedCorrectly[abcdefghij-klmnopqrst-abcdefghijklmnopqrst-abcdefghij-klmnopqrst-abcdefghijklmnopqrst0] PASSED [ 10%]
httpTests/authTests/test_auth_register.py::testDuplicateHandlesGeneratedCorrectly[@bcdefgh!j-klmn opqrst-bcdefghjklmnopqrst-bcdefghj-klmnopqrst-bcdefghjklmnopqrst0] PASSED [ 11%]
httpTests/authTests/test_auth_register.py::testDuplicateHandlesGeneratedCorrectly[abc-def0-abcdef0-abc-def-abcdef1] PASSED [ 11%]
httpTests/channelTests/test_channel_addowner.py::testChannelOwnerCanAddownerWhenMember PASSED [ 12%]
httpTests/channelTests/test_channel_addowner.py::testGlobalOwnerMemberCanAddowner PASSED [ 12%]
httpTests/channelTests/test_channel_addowner.py::testChannelOwnerCantAddownerWhenNonMember PASSED [ 13%]
httpTests/channelTests/test_channel_addowner.py::testNonMemberCannotAddOwner PASSED [ 13%]
httpTests/channelTests/test_channel_addowner.py::testGlobalOwnerNonMemberCantAddownerPrivate PASSED [ 13%]
httpTests/channelTests/test_channel_addowner.py::testGlobalOwnerNonMemberCantAddownerPublic PASSED [ 13%]
httpTests/channelTests/test_channel_addowner.py::testMemberCannotAddOwner PASSED [ 14%]
httpTests/channelTests/test_channel_addowner.py::testCannotAddownerPrexistingChannelOwner PASSED [ 14%]
httpTests/channelTests/test_channel_addowner.py::testWithInvalidUId PASSED [ 14%]
httpTests/channelTests/test_channel_addowner.py::testWithInvalidChannelId PASSED [ 14%]
httpTests/channelTests/test_channel_addowner.py::testInvalidToken PASSED [ 15%]
httpTests/channelTests/test_channel_details.py::testMemberSuccessful PASSED [ 15%]
httpTests/channelTests/test_channel_details.py::testNonMemberNotSuccessful PASSED [ 15%]
httpTests/channelTests/test_channel_details.py::testInvalidChannelId PASSED [ 16%]
httpTests/channelTests/test_channel_details.py::testInvalidToken PASSED  [ 16%]
httpTests/channelTests/test_channel_invite.py::testDuplicateInvite PASSED [ 16%]
httpTests/channelTests/test_channel_invite.py::testInviteGlobalOwner PASSED [ 16%]
httpTests/channelTests/test_channel_invite.py::testInviteGlobalMember PASSED [ 17%]
httpTests/channelTests/test_channel_invite.py::testInvitationFromNonChannelMember PASSED [ 17%]
httpTests/channelTests/test_channel_invite.py::testChannelIdInvalid PASSED [ 17%]
httpTests/channelTests/test_channel_invite.py::testUIdInvalid PASSED     [ 17%]
httpTests/channelTests/test_channel_invite.py::testInvalidatedToken PASSED [ 18%]
httpTests/channelTests/test_channel_join.py::testGlobalOwnerJoinChannelPublic PASSED [ 18%]
httpTests/channelTests/test_channel_join.py::testGlobalOwnerJoinChannelPrivate PASSED [ 18%]
httpTests/channelTests/test_channel_join.py::testGlobalMemberJoinPublic PASSED [ 19%]
httpTests/channelTests/test_channel_join.py::testGlobalMemberCantJoinPrivate PASSED [ 19%]
httpTests/channelTests/test_channel_join.py::testAlreadyJoinedChannel PASSED [ 19%]
httpTests/channelTests/test_channel_join.py::testJoinInvalidChannelId PASSED [ 19%]
httpTests/channelTests/test_channel_join.py::testInvalidatedToken PASSED [ 20%]
httpTests/channelTests/test_channel_leave.py::testMemberLeaveChannelSuccessfully PASSED [ 20%]
httpTests/channelTests/test_channel_leave.py::testLeaveChannelWhenNotMember PASSED [ 20%]
httpTests/channelTests/test_channel_leave.py::testInvalidChannelId PASSED [ 20%]
httpTests/channelTests/test_channel_leave.py::testInvalidToken PASSED    [ 21%]
httpTests/channelTests/test_channel_messages.py::testMessageTimestamp PASSED [ 21%]
httpTests/channelTests/test_channel_messages.py::testUnderFiftyMessagesSent PASSED [ 21%]
httpTests/channelTests/test_channel_messages.py::testOverFiftyMessagesSent FAILED [ 22%]
httpTests/channelTests/test_channel_messages.py::testRemovalByEditReflected FAILED [ 22%]
httpTests/channelTests/test_channel_messages.py::testRemovalByDeletionReflected PASSED [ 22%]
httpTests/channelTests/test_channel_messages.py::testInputErrorWhenStartGreaterThanMessageNum PASSED [ 22%]
httpTests/channelTests/test_channel_messages.py::testAccessErrorWhenUserIsNonMember PASSED [ 23%]
httpTests/channelTests/test_channel_messages.py::testInputErrorWhenChannelIdInvalid PASSED [ 23%]
httpTests/channelTests/test_channel_messages.py::testAccessErrorWhenInvalidTokenGiven PASSED [ 23%]
httpTests/channelTests/test_channel_removeowner.py::testOwnerCanRemoveOwner PASSED [ 23%]
httpTests/channelTests/test_channel_removeowner.py::testGlobalOwnerMmberCanRemoveOwner PASSED [ 24%]
httpTests/channelTests/test_channel_removeowner.py::testGlobalOwnerNonmemberCannotRemoveOwner PASSED [ 24%]
httpTests/channelTests/test_channel_removeowner.py::testNonmemberCannotRemoveOwner PASSED [ 24%]
httpTests/channelTests/test_channel_removeowner.py::testMmberCannotRemoveOwner PASSED [ 25%]
httpTests/channelTests/test_channel_removeowner.py::testCannotRemoveLastOwner PASSED [ 25%]
httpTests/channelTests/test_channel_removeowner.py::testGlobalOwnerCannotRemoveOnlyOwner PASSED [ 25%]
httpTests/channelTests/test_channel_removeowner.py::testCannotRemoveNonOwner PASSED [ 25%]
httpTests/channelTests/test_channel_removeowner.py::testInvalidUId PASSED [ 26%]
httpTests/channelTests/test_channel_removeowner.py::testWithInvalidChannelId PASSED [ 26%]
httpTests/channelTests/test_channel_removeowner.py::testInvalidatedToken PASSED [ 26%]
httpTests/channels_tests/test_channels_create.py::testCreateChannel[True-andys room] PASSED [ 26%]
httpTests/channels_tests/test_channels_create.py::testCreateChannel[False-andys room] PASSED [ 27%]
httpTests/channels_tests/test_channels_create.py::testInvalidChannelNameLength[True-] PASSED [ 27%]
httpTests/channels_tests/test_channels_create.py::testInvalidChannelNameLength[True-I AM NOT A TOY AND ALSO THIS NAME IS TOO LONG] PASSED [ 27%]
httpTests/channels_tests/test_channels_create.py::testInvalidChannelNameLength[False-] PASSED [ 27%]
httpTests/channels_tests/test_channels_create.py::testInvalidChannelNameLength[False-I AM NOT A TOY AND ALSO THIS NAME IS TOO LONG] PASSED [ 28%]
httpTests/channels_tests/test_channels_create.py::testInvalidatedToken PASSED [ 28%]
httpTests/channels_tests/test_channels_list.py::testWhenInNoChannels PASSED [ 28%]
httpTests/channels_tests/test_channels_list.py::testWhenInOneChannel[True-andy] PASSED [ 29%]
httpTests/channels_tests/test_channels_list.py::testWhenInOneChannel[False-andy] PASSED [ 29%]
httpTests/channels_tests/test_channels_list.py::testWhenInMultipleChannels[False-True-ZERG-andy] PASSED [ 29%]
httpTests/channels_tests/test_channels_list.py::testWhenInMultipleChannels[False-False-ZERG-andy] PASSED [ 29%]
httpTests/channels_tests/test_channels_list.py::testWhenInMultipleChannels[True-True-ZERG-andy] PASSED [ 30%]
httpTests/channels_tests/test_channels_list.py::testWhenInMultipleChannels[True-False-ZERG-andy] PASSED [ 30%]
httpTests/channels_tests/test_channels_list.py::testListAfterLeaveChannel PASSED [ 30%]
httpTests/channels_tests/test_channels_list.py::testInvalidatedToken PASSED [ 30%]
httpTests/channels_tests/test_channels_listall.py::testWhenNoChannels PASSED [ 31%]
httpTests/channels_tests/test_channels_listall.py::testWhenOneChannelExistsPrivate PASSED [ 31%]
httpTests/channels_tests/test_channels_listall.py::testWhenOneChannelExistsPublic PASSED [ 31%]
httpTests/channels_tests/test_channels_listall.py::testWhenMultipleChannelsExist PASSED [ 32%]
httpTests/channels_tests/test_channels_listall.py::testInvalidatedToken PASSED [ 32%]
httpTests/dmTests/test_dm_create.py::testSuccessfulDmCreation PASSED     [ 32%]
httpTests/dmTests/test_dm_create.py::testDmNameCreationSingle PASSED     [ 32%]
httpTests/dmTests/test_dm_create.py::testDmNameCreationMultiple PASSED   [ 33%]
httpTests/dmTests/test_dm_create.py::testDmToInvalidUsers PASSED         [ 33%]
httpTests/dmTests/test_dm_create.py::testDmToUsersButOneInvalid PASSED   [ 33%]
httpTests/dmTests/test_dm_create.py::testDmToUsersButDuplicate PASSED    [ 33%]
httpTests/dmTests/test_dm_create.py::testInvalidToken PASSED             [ 34%]
httpTests/dmTests/test_dm_details.py::testMemberSuccessful PASSED        [ 34%]
httpTests/dmTests/test_dm_details.py::testNonMemberNotSuccessful PASSED  [ 34%]
httpTests/dmTests/test_dm_details.py::testInvalidDmId PASSED             [ 35%]
httpTests/dmTests/test_dm_details.py::testInvalidToken PASSED            [ 35%]
httpTests/dmTests/test_dm_leave.py::testMemberLeaveDmSuccessfully PASSED [ 35%]
httpTests/dmTests/test_dm_leave.py::testLeaveDmWhenNotMember PASSED      [ 35%]
httpTests/dmTests/test_dm_leave.py::testInvalidDmId PASSED               [ 36%]
httpTests/dmTests/test_dm_leave.py::testInvalidToken PASSED              [ 36%]
httpTests/dmTests/test_dm_list.py::testWhenInNoDms PASSED                [ 36%]
httpTests/dmTests/test_dm_list.py::testWhenInOneDm PASSED                [ 36%]
httpTests/dmTests/test_dm_list.py::testWhenInMultipleDms PASSED          [ 37%]
httpTests/dmTests/test_dm_list.py::testListAfterLeaveDm PASSED           [ 37%]
httpTests/dmTests/test_dm_list.py::testInvalidatedToken PASSED           [ 37%]
httpTests/dmTests/test_dm_messages.py::testUnderFiftyMessagesSent PASSED [ 38%]
httpTests/dmTests/test_dm_messages.py::testOverFiftyMessagesSent FAILED  [ 38%]
httpTests/dmTests/test_dm_messages.py::testRemovalByEditReflected FAILED [ 38%]
httpTests/dmTests/test_dm_messages.py::testRemovalByDeletionReflected PASSED [ 38%]
httpTests/dmTests/test_dm_messages.py::testInputErrorWhenStartGreaterThanMessageNum PASSED [ 39%]
httpTests/dmTests/test_dm_messages.py::testAccessErrorWhenUserIsNonMember PASSED [ 39%]
httpTests/dmTests/test_dm_messages.py::testInputErrorWhenDmIdInvalid PASSED [ 39%]
httpTests/dmTests/test_dm_messages.py::testAccessErrorWhenInvalidTokenGiven PASSED [ 39%]
httpTests/dmTests/test_dm_remove.py::testSuccessfulDmRemoval PASSED      [ 40%]
httpTests/dmTests/test_dm_remove.py::testNonownerCannotRemoveDm PASSED   [ 40%]
httpTests/dmTests/test_dm_remove.py::testOwnerNonmemberCannotRemoveDm PASSED [ 41%]
httpTests/dmTests/test_dm_remove.py::testInvalidDmId PASSED              [ 41%]
httpTests/dmTests/test_dm_remove.py::testInvalidToken PASSED             [ 41%]
httpTests/messageTests/test_message_edit.py::testOriginalPosterCanEditMessageChannel PASSED [ 41%]
httpTests/messageTests/test_message_edit.py::testOriginalPosterCanEditMessageDm PASSED [ 42%]
httpTests/messageTests/test_message_edit.py::testGlobalOwnerCantEditMembersMessageDm PASSED [ 42%]
httpTests/messageTests/test_message_edit.py::testEmptyEditDeletesMessage FAILED [ 42%]
httpTests/messageTests/test_message_edit.py::testInvalidMessageLength PASSED [ 42%]
httpTests/messageTests/test_message_edit.py::testCannotEditDeletedMessage FAILED [ 43%]
httpTests/messageTests/test_message_edit.py::testNonownerNonposterCantEdit PASSED [ 43%]
httpTests/messageTests/test_message_edit.py::testInvalidToken PASSED     [ 43%]
httpTests/messageTests/test_message_meta.py::testMessageIdsUnique PASSED [ 44%]
httpTests/messageTests/test_message_remove.py::testOriginalPosterCanRemoveMessage PASSED [ 49%]
httpTests/messageTests/test_message_remove.py::testGlobalOwnerCantRemoveMembersMessageDm PASSED [ 49%]
httpTests/messageTests/test_message_remove.py::testCannotRemoveDeletedMessage PASSED [ 49%]
httpTests/messageTests/test_message_remove.py::testNonownerNonposterCantRemoveMessage PASSED [ 50%]
httpTests/messageTests/test_message_remove.py::testInvalidToken PASSED   [ 50%]
httpTests/messageTests/test_message_send.py::testValidMessage PASSED     [ 50%]
httpTests/messageTests/test_message_send.py::testNonmemberPost PASSED    [ 50%]
httpTests/messageTests/test_message_send.py::testInvalidChannel PASSED   [ 51%]
httpTests/messageTests/test_message_send.py::testInvalidMessage[] PASSED [ 51%]
httpTests/messageTests/test_message_send.py::testInvalidMessage[mmmmmmmmmmmmmmmmmmmmmmmmmmmmmmmmmmmmmmmmmmmmmmmmmmmmmmmmmmmmmmmmmmmmmmmmmmmmmmmmmmmmmmmmmmmmmmmmmmmmmmmmmmmmmmmmmmmmmmmmmmmmmmmmmmmmmmmmmmmmmmmmmmmmmmmmmmmmmmmmmmmmmmmmmmmmmmmmmmmmmmmmmmmmmmmmmmmmmmmmmmmmmmmmmmmmmmmmmmmmmmmmmmmmmmmmmmmmmmmmmmmmmmmmmmmmmmmmmmmmmmmmmmmmmmmmmmmmmmmmmmmmmmmmmmmmmmmmmmmmmmmmmmmmmmmmmmmmmmmmmmmmmmmmmmmmmmmmmmmmmmmmmmmmmmmmmmmmmmmmmmmmmmmmmmmmmmmmmmmmmmmmmmmmmmmmmmmmmmmmmmmmmmmmmmmmmmmmmmmmmmmmmmmmmmmmmmmmmmmmmmmmmmmmmmmmmmmmmmmmmmmmmmmmmmmmmmmmmmmmmmmmmmmmmmmmmmmmmmmmmmmmmmmmmmmmmmmmmmmmmmmmmmmmmmmmmmmmmmmmmmmmmmmmmmmmmmmmmmmmmmmmmmmmmmmmmmmmmmmmmmmmmmmmmmmmmmmmmmmmmmmmmmmmmmmmmmmmmmmmmmmmmmmmmmmmmmmmmmmmmmmmmmmmmmmmmmmmmmmmmmmmmmmmmmmmmmmmmmmmmmmmmmmmmmmmmmmmmmmmmmmmmmmmmmmmmmmmmmmmmmmmmmmmmmmmmmmmmmmmmmmmmmmmmmmmmmmmmmmmmmmmmmmmmmmmmmmmmmmmmmmmmmmmmmmmmmmmmmmmmmmmmmmmmmmmmmmmmmmmmmmmmmmmmmmmmmmmmmmmmmmmmmmmmmmmmmmmmmmmmmmmmmmmmmmmmmmmmmmmmmmmmmmmmmmmmmmmmmmmmmmmmmmmmmmmmmmmmmmmmmmmmmmmmmmmmmmmmmmmmmmmmmmmmmmmmmmmmmmmmmmmmmmmmmmmmmmmmmmmmmmmmmmmmmmmmmmmmmmmm] PASSED [ 51%]
httpTests/messageTests/test_message_send.py::testInvalidToken PASSED     [ 51%]
httpTests/messageTests/test_message_senddm.py::testValidMessage PASSED   [ 52%]
httpTests/messageTests/test_message_senddm.py::testNonmemberPost PASSED  [ 52%]
httpTests/messageTests/test_message_senddm.py::testInvalidDm PASSED      [ 52%]
httpTests/messageTests/test_message_senddm.py::testInvalidMessage[] PASSED [ 52%]
httpTests/messageTests/test_message_senddm.py::testInvalidMessage[mmmmmmmmmmmmmmmmmmmmmmmmmmmmmmmmmmmmmmmmmmmmmmmmmmmmmmmmmmmmmmmmmmmmmmmmmmmmmmmmmmmmmmmmmmmmmmmmmmmmmmmmmmmmmmmmmmmmmmmmmmmmmmmmmmmmmmmmmmmmmmmmmmmmmmmmmmmmmmmmmmmmmmmmmmmmmmmmmmmmmmmmmmmmmmmmmmmmmmmmmmmmmmmmmmmmmmmmmmmmmmmmmmmmmmmmmmmmmmmmmmmmmmmmmmmmmmmmmmmmmmmmmmmmmmmmmmmmmmmmmmmmmmmmmmmmmmmmmmmmmmmmmmmmmmmmmmmmmmmmmmmmmmmmmmmmmmmmmmmmmmmmmmmmmmmmmmmmmmmmmmmmmmmmmmmmmmmmmmmmmmmmmmmmmmmmmmmmmmmmmmmmmmmmmmmmmmmmmmmmmmmmmmmmmmmmmmmmmmmmmmmmmmmmmmmmmmmmmmmmmmmmmmmmmmmmmmmmmmmmmmmmmmmmmmmmmmmmmmmmmmmmmmmmmmmmmmmmmmmmmmmmmmmmmmmmmmmmmmmmmmmmmmmmmmmmmmmmmmmmmmmmmmmmmmmmmmmmmmmmmmmmmmmmmmmmmmmmmmmmmmmmmmmmmmmmmmmmmmmmmmmmmmmmmmmmmmmmmmmmmmmmmmmmmmmmmmmmmmmmmmmmmmmmmmmmmmmmmmmmmmmmmmmmmmmmmmmmmmmmmmmmmmmmmmmmmmmmmmmmmmmmmmmmmmmmmmmmmmmmmmmmmmmmmmmmmmmmmmmmmmmmmmmmmmmmmmmmmmmmmmmmmmmmmmmmmmmmmmmmmmmmmmmmmmmmmmmmmmmmmmmmmmmmmmmmmmmmmmmmmmmmmmmmmmmmmmmmmmmmmmmmmmmmmmmmmmmmmmmmmmmmmmmmmmmmmmmmmmmmmmmmmmmmmmmmmmmmmmmmmmmmmmmmmmmmmmmmmmmmmmmmmmmmmmmmmmmmmmmmmmmmmmmmmmmmmmmmmmmmmmmmmmmmmmmmmmmmmmmmm] PASSED [ 53%]
httpTests/messageTests/test_message_senddm.py::testInvalidToken PASSED   [ 53%]
httpTests/otherTests/test_clear.py::testClearWorks PASSED                [ 66%]
httpTests/otherTests/test_users_all.py::testSuccessfulUsersAll PASSED    [ 75%]
httpTests/otherTests/test_users_all.py::testInvalidToken PASSED          [ 75%]
httpTests/userTests/test_user_profile.py::testUserProfileValid PASSED    [ 90%]
httpTests/userTests/test_user_profile.py::testInvalidUser PASSED         [ 90%]
httpTests/userTests/test_user_profile.py::testInvalidToken PASSED        [ 91%]
httpTests/userTests/test_user_profile_setemail.py::testSuccessfulEmailChange PASSED [ 91%]
httpTests/userTests/test_user_profile_setemail.py::testCannotChangeToTakenEmail PASSED [ 91%]
httpTests/userTests/test_user_profile_setemail.py::testInvalidEmail[] PASSED [ 91%]
httpTests/userTests/test_user_profile_setemail.py::testInvalidEmail[bob] PASSED [ 92%]
httpTests/userTests/test_user_profile_setemail.py::testInvalidEmail[ab.com] PASSED [ 92%]
httpTests/userTests/test_user_profile_setemail.py::testInvalidEmail[@gmail.com] PASSED [ 92%]
httpTests/userTests/test_user_profile_setemail.py::testInvalidEmail[ab@ab@gmail.com] PASSED [ 92%]
httpTests/userTests/test_user_profile_setemail.py::testInvalidToken PASSED [ 93%]
httpTests/userTests/test_user_profile_sethandle.py::testSuccessfulHandleChange PASSED [ 93%]
httpTests/userTests/test_user_profile_sethandle.py::testCannotChangeToTakenHandle PASSED [ 93%]
httpTests/userTests/test_user_profile_sethandle.py::testInvalidHandle[] PASSED [ 94%]
httpTests/userTests/test_user_profile_sethandle.py::testInvalidHandle[a] PASSED [ 94%]
httpTests/userTests/test_user_profile_sethandle.py::testInvalidHandle[aa] PASSED [ 94%]
httpTests/userTests/test_user_profile_sethandle.py::testInvalidHandle[aaaaaaaaaaaaaaaaaaaaa] PASSED [ 94%]
httpTests/userTests/test_user_profile_sethandle.py::testInvalidHandle[new handle] PASSED [ 95%]
httpTests/userTests/test_user_profile_sethandle.py::testInvalidHandle[newh@ndle] PASSED [ 95%]
httpTests/userTests/test_user_profile_sethandle.py::testInvalidToken PASSED [ 95%]
httpTests/userTests/test_user_profile_setname.py::testUserProfileSetnameValidName PASSED [ 95%]
httpTests/userTests/test_user_profile_setname.py::testInvalidName[-] PASSED [ 96%]
httpTests/userTests/test_user_profile_setname.py::testInvalidName[-MMMMMMMMMMMMMMMMMMMMMMMMMMMMMMMMMMMMMMMMMMMMMMMMMMM] PASSED [ 96%]
httpTests/userTests/test_user_profile_setname.py::testInvalidName[PPPPPPPPPPPPPPPPPPPPPPPPPPPPPPPPPPPPPPPPPPPPPPPPPPP-] PASSED [ 96%]
httpTests/userTests/test_user_profile_setname.py::testInvalidName[PPPPPPPPPPPPPPPPPPPPPPPPPPPPPPPPPPPPPPPPPPPPPPPPPPP-MMMMMMMMMMMMMMMMMMMMMMMMMMMMMMMMMMMMMMMMMMMMMMMMMMM] PASSED [ 97%]
httpTests/userTests/test_user_profile_setname.py::testInvalidToken PASSED [ 97%]

====== Marks recorded: 93.26 ======


=================================== FAILURES ===================================
__________________________ testOverFiftyMessagesSent ___________________________

woodysPublicToybox = Channel(name='woodys toybox', isPublic=True, channelId=0, ownerMembers=[0], allMembers=[])
userWoody = User(email='sheriff.woody@andysroom.com', password='qazwsx!!', nameFirst='sheriff', nameLast='woody', uId=0, token='1', handleStr='sheriffwoody')
ctx = None

    def testOverFiftyMessagesSent(woodysPublicToybox, userWoody, ctx):
        messageIds = [
            messageSend(userWoody.token, woodysPublicToybox.channelId, 'you are a toy', ctx)['messageId'] for x in
            range(51)
        ]
        messageIds.reverse()
    
        chMsgs = channelMessages(userWoody.token, woodysPublicToybox.channelId, 0, ctx)
        assert chMsgs['start'] == 0
>       assert chMsgs['end'] == 50
E       assert 49 == 50
E         +49
E         -50

httpTests/channelTests/test_channel_messages.py:44: AssertionError
__________________________ testRemovalByEditReflected __________________________

woodysPublicToybox = Channel(name='woodys toybox', isPublic=True, channelId=0, ownerMembers=[0], allMembers=[])
userWoody = User(email='sheriff.woody@andysroom.com', password='qazwsx!!', nameFirst='sheriff', nameLast='woody', uId=0, token='1', handleStr='sheriffwoody')
ctx = None

    def testRemovalByEditReflected(woodysPublicToybox, userWoody, ctx):
        msg = messageSend(userWoody.token, woodysPublicToybox.channelId, 'you are a toy maybe?', ctx)['messageId']
    
        chMsgs = channelMessages(userWoody.token, woodysPublicToybox.channelId, 0, ctx)
        assert chMsgs['start'] == 0
        assert chMsgs['end'] == -1
        assert msg in [m['messageId'] for m in chMsgs['messages']]
    
        messageEdit(userWoody.token, msg, '', ctx)
    
        chMsgs = channelMessages(userWoody.token, woodysPublicToybox.channelId, 0, ctx)
    
>       assert chMsgs == dict(start=0, end=-1, messages=[])
E       AssertionError: assert {'end': -1,\n 'messages': [{'message': '',\n               'messageId': 0,\n               'timeSent': 1667048037,\n               'uId': 0}],\n 'start': 0} == {'end': -1, 'messages': [], 'start': 0}
E         Common items:
E         {'end': -1, 'start': 0}
E         Differing items:
E         {'messages': [{'message': '', 'messageId': 0, 'timeSent': 1667048037, 'uId': 0}]} != {'messages': []}
E         Full diff:
E           {
E            'end': -1,
E         -  'messages': [],
E         +  'messages': [{'message': '',
E         +                'messageId': 0,
E         +                'timeSent': 1667048037,
E         +                'uId': 0}],
E            'start': 0,
E           }

httpTests/channelTests/test_channel_messages.py:65: AssertionError
__________________________ testOverFiftyMessagesSent ___________________________

userWoody = User(email='sheriff.woody@andysroom.com', password='qazwsx!!', nameFirst='sheriff', nameLast='woody', uId=0, token='1', handleStr='sheriffwoody')
woodyAndBuzzDm = DM(owner=0, members=[1], name='buzzlightyear, sheriffwoody', dmId=1)
ctx = None

    def testOverFiftyMessagesSent(userWoody, woodyAndBuzzDm, ctx):
        messageIds = [
            messageSenddm(userWoody.token, woodyAndBuzzDm.dmId, 'you are a toy', ctx)['messageId'] for x in
            range(51)
        ]
        messageIds.reverse()
    
        dmMsgs = dmMessages(userWoody.token, woodyAndBuzzDm.dmId, 0, ctx)
        assert dmMsgs['start'] == 0
>       assert dmMsgs['end'] == 50
E       assert 49 == 50
E         +49
E         -50

httpTests/dmTests/test_dm_messages.py:37: AssertionError
__________________________ testRemovalByEditReflected __________________________

userWoody = User(email='sheriff.woody@andysroom.com', password='qazwsx!!', nameFirst='sheriff', nameLast='woody', uId=0, token='1', handleStr='sheriffwoody')
woodyAndBuzzDm = DM(owner=0, members=[1], name='buzzlightyear, sheriffwoody', dmId=1)
ctx = None

    def testRemovalByEditReflected(userWoody, woodyAndBuzzDm, ctx):
        msg = messageSenddm(userWoody.token, woodyAndBuzzDm.dmId, 'you are a toy maybe?', ctx)['messageId']
    
        dmMsgs = dmMessages(userWoody.token, woodyAndBuzzDm.dmId, 0, ctx)
        assert dmMsgs['start'] == 0
        assert dmMsgs['end'] == -1
        assert msg in [m['messageId'] for m in dmMsgs['messages']]
    
        messageEdit(userWoody.token, msg, '', ctx)
    
        dmMsgs = dmMessages(userWoody.token, woodyAndBuzzDm.dmId, 0, ctx)
    
>       assert dmMsgs == dict(start=0, end=-1, messages=[])
E       AssertionError: assert {'end': -1,\n 'messages': [{'message': '',\n               'messageId': 1,\n               'timeSent': 1667048038,\n               'uId': 0}],\n 'start': 0} == {'end': -1, 'messages': [], 'start': 0}
E         Common items:
E         {'end': -1, 'start': 0}
E         Differing items:
E         {'messages': [{'message': '', 'messageId': 1, 'timeSent': 1667048038, 'uId': 0}]} != {'messages': []}
E         Full diff:
E           {
E            'end': -1,
E         -  'messages': [],
E         +  'messages': [{'message': '',
E         +                'messageId': 1,
E         +                'timeSent': 1667048038,
E         +                'uId': 0}],
E            'start': 0,
E           }

httpTests/dmTests/test_dm_messages.py:58: AssertionError
_________________________ testEmptyEditDeletesMessage __________________________

userWoody = User(email='sheriff.woody@andysroom.com', password='qazwsx!!', nameFirst='sheriff', nameLast='woody', uId=0, token='1', handleStr='sheriffwoody')
woodysPublicToybox = Channel(name='woodys toybox', isPublic=True, channelId=0, ownerMembers=[0], allMembers=[])
messageFactory = <function messageFactory.<locals>.makeMessage at 0x7f6f32f05ee0>
ctx = None

    def testEmptyEditDeletesMessage(userWoody, woodysPublicToybox, messageFactory, ctx):
        woodysMsg = messageFactory(userWoody, woodysPublicToybox)
        messageEdit(userWoody.token, woodysMsg.messageId, '', ctx)
    
        chMsgs = channelMessages(userWoody.token, woodysPublicToybox.channelId, 0, ctx)
    
>       assert len(chMsgs['messages']) == 0
E       assert 1 == 0
E         +1
E         -0

httpTests/messageTests/test_message_edit.py:84: AssertionError
_________________________ testCannotEditDeletedMessage _________________________

userWoody = User(email='sheriff.woody@andysroom.com', password='qazwsx!!', nameFirst='sheriff', nameLast='woody', uId=0, token='1', handleStr='sheriffwoody')
woodysPublicToybox = Channel(name='woodys toybox', isPublic=True, channelId=0, ownerMembers=[0], allMembers=[])
messageFactory = <function messageFactory.<locals>.makeMessage at 0x7f6f32f0d670>
ctx = None

    def testCannotEditDeletedMessage(userWoody, woodysPublicToybox, messageFactory, ctx):
        aMsg = messageFactory(userWoody, woodysPublicToybox, 'hi')
    
        # should succeed
        messageEdit(userWoody.token, aMsg.messageId, '', ctx)
    
        with pytest.raises(InputError):
            # should fail
>           messageEdit(userWoody.token, aMsg.messageId, '', ctx)
E           Failed: DID NOT RAISE <class 'httpTests.error.InputError'>

httpTests/messageTests/test_message_edit.py:101: Failed
=========================== short test summary info ============================
FAILED httpTests/channelTests/test_channel_messages.py::testOverFiftyMessagesSent
FAILED httpTests/channelTests/test_channel_messages.py::testRemovalByEditReflected
FAILED httpTests/dmTests/test_dm_messages.py::testOverFiftyMessagesSent - ass...
FAILED httpTests/dmTests/test_dm_messages.py::testRemovalByEditReflected - As...
FAILED httpTests/messageTests/test_message_edit.py::testEmptyEditDeletesMessage
FAILED httpTests/messageTests/test_message_edit.py::testCannotEditDeletedMessage
================== 6 failed, 179 passed, 183 skipped in 6.10s ==================
